<?xml version="1.0" encoding="UTF-8"?>
<!-- Generated by org.testng.reporters.JUnitXMLReporter -->
<testsuite ignored="0" hostname="Andr0id.attlocal.net" failures="1" tests="2" name="Test" time="44.902" errors="0" timestamp="09 Jun 2019 23:36:23 GMT">
  <testcase classname="Tests.FunctionalSearchFlyghts" name="FunctionalFlyghtsSearch" time="12.426"/>
  <testcase classname="Tests.FunctionalHotelSearch" name="FunctionalSearchHotel" time="2.16">
    <failure type="java.lang.IndexOutOfBoundsException" message="Index 1 out of bounds for length 1">
      <![CDATA[java.lang.IndexOutOfBoundsException: Index 1 out of bounds for length 1
at java.base/jdk.internal.util.Preconditions.outOfBounds(Preconditions.java:64)
at java.base/jdk.internal.util.Preconditions.outOfBoundsCheckIndex(Preconditions.java:70)
at java.base/jdk.internal.util.Preconditions.checkIndex(Preconditions.java:248)
at java.base/java.util.Objects.checkIndex(Objects.java:372)
at java.base/java.util.ArrayList.get(ArrayList.java:458)
at Tests.FunctionalHotelSearch.FunctionalSearchHotel(FunctionalHotelSearch.java:47)
... Removed 25 stack frames]]>
    </failure>
  </testcase> <!-- FunctionalSearchHotel -->
</testsuite> <!-- Test -->
